2020-02-27T07:26:57+00:00 CRITICAL Uncaught Error: Class 'estore_posts_grid' not found in /home/ubuntu/www/slow/wp-includes/class-wp-widget-factory.php:71
Stack trace:
#0 /home/ubuntu/www/slow/wp-includes/widgets.php(115): WP_Widget_Factory->register('estore_posts_gr...')
#1 /home/ubuntu/www/slow/wp-content/themes/estore/inc/widgets.php(138): register_widget('estore_posts_gr...')
#2 /home/ubuntu/www/slow/wp-includes/class-wp-hook.php(288): estore_widgets_init('')
#3 /home/ubuntu/www/slow/wp-includes/class-wp-hook.php(312): WP_Hook->apply_filters(NULL, Array)
#4 /home/ubuntu/www/slow/wp-includes/plugin.php(478): WP_Hook->do_action(Array)
#5 /home/ubuntu/www/slow/wp-includes/widgets.php(1765): do_action('widgets_init')
#6 /home/ubuntu/www/slow/wp-includes/class-wp-hook.php(288): wp_widgets_init('')
#7 /home/ubuntu/www/slow/wp-includes/class-wp-hook.php(312): WP_Hook->apply_filters(NULL, Array)
#8 /home/ubuntu/www/slow/wp-includes/plugin.php(478): WP_Hook->do_action(Array)
#9 /home/ubuntu/www/slow/wp-settings.php(523): do_action('init')
#10 /home

2020-03-12T06:26:13+00:00 CRITICAL Uncaught Error: Using $this when not in object context in /home/ubuntu/www/slow/wp-content/themes/estore/inc/functions.php:165
Stack trace:
#0 /home/ubuntu/www/slow/wp-content/themes/estore/functions.php(213): require()
#1 /home/ubuntu/www/slow/wp-settings.php(497): include('/home/ubuntu/ww...')
#2 /home/ubuntu/www/slow/wp-config.php(93): require_once('/home/ubuntu/ww...')
#3 /home/ubuntu/www/slow/wp-load.php(37): require_once('/home/ubuntu/ww...')
#4 /home/ubuntu/www/slow/wp-admin/admin-ajax.php(22): require_once('/home/ubuntu/ww...')
#5 {main}
  thrown

2020-03-12T06:26:14+00:00 CRITICAL Uncaught Error: Using $this when not in object context in /home/ubuntu/www/slow/wp-content/themes/estore/inc/functions.php:165
Stack trace:
#0 /home/ubuntu/www/slow/wp-content/themes/estore/functions.php(213): require()
#1 /home/ubuntu/www/slow/wp-settings.php(497): include('/home/ubuntu/ww...')
#2 /home/ubuntu/www/slow/wp-config.php(93): require_once('/home/ubuntu/ww...')
#3 /home/ubuntu/www/slow/wp-load.php(37): require_once('/home/ubuntu/ww...')
#4 /home/ubuntu/www/slow/wp-blog-header.php(13): require_once('/home/ubuntu/ww...')
#5 /home/ubuntu/www/slow/index.php(17): require('/home/ubuntu/ww...')
#6 {main}
  thrown

2020-03-12T06:26:29+00:00 CRITICAL Uncaught Error: Using $this when not in object context in /home/ubuntu/www/slow/wp-content/themes/estore/inc/functions.php:165
Stack trace:
#0 /home/ubuntu/www/slow/wp-content/themes/estore/functions.php(213): require()
#1 /home/ubuntu/www/slow/wp-settings.php(497): include('/home/ubuntu/ww...')
#2 /home/ubuntu/www/slow/wp-config.php(93): require_once('/home/ubuntu/ww...')
#3 /home/ubuntu/www/slow/wp-load.php(37): require_once('/home/ubuntu/ww...')
#4 /home/ubuntu/www/slow/wp-admin/admin-ajax.php(22): require_once('/home/ubuntu/ww...')
#5 {main}
  thrown

2020-03-12T06:27:33+00:00 CRITICAL Uncaught Error: Using $this when not in object context in /home/ubuntu/www/slow/wp-content/themes/estore/inc/functions.php:165
Stack trace:
#0 /home/ubuntu/www/slow/wp-content/themes/estore/functions.php(213): require()
#1 /home/ubuntu/www/slow/wp-settings.php(497): include('/home/ubuntu/ww...')
#2 /home/ubuntu/www/slow/wp-config.php(93): require_once('/home/ubuntu/ww...')
#3 /home/ubuntu/www/slow/wp-load.php(37): require_once('/home/ubuntu/ww...')
#4 /home/ubuntu/www/slow/wp-blog-header.php(13): require_once('/home/ubuntu/ww...')
#5 /home/ubuntu/www/slow/index.php(17): require('/home/ubuntu/ww...')
#6 {main}
  thrown

2020-03-12T06:27:38+00:00 CRITICAL Uncaught Error: Using $this when not in object context in /home/ubuntu/www/slow/wp-content/themes/estore/inc/functions.php:165
Stack trace:
#0 /home/ubuntu/www/slow/wp-content/themes/estore/functions.php(213): require()
#1 /home/ubuntu/www/slow/wp-settings.php(497): include('/home/ubuntu/ww...')
#2 /home/ubuntu/www/slow/wp-config.php(93): require_once('/home/ubuntu/ww...')
#3 /home/ubuntu/www/slow/wp-load.php(37): require_once('/home/ubuntu/ww...')
#4 /home/ubuntu/www/slow/wp-blog-header.php(13): require_once('/home/ubuntu/ww...')
#5 /home/ubuntu/www/slow/index.php(17): require('/home/ubuntu/ww...')
#6 {main}
  thrown

2020-03-12T06:27:41+00:00 CRITICAL Uncaught Error: Using $this when not in object context in /home/ubuntu/www/slow/wp-content/themes/estore/inc/functions.php:165
Stack trace:
#0 /home/ubuntu/www/slow/wp-content/themes/estore/functions.php(213): require()
#1 /home/ubuntu/www/slow/wp-settings.php(497): include('/home/ubuntu/ww...')
#2 /home/ubuntu/www/slow/wp-config.php(93): require_once('/home/ubuntu/ww...')
#3 /home/ubuntu/www/slow/wp-load.php(37): require_once('/home/ubuntu/ww...')
#4 /home/ubuntu/www/slow/wp-admin/admin-ajax.php(22): require_once('/home/ubuntu/ww...')
#5 {main}
  thrown

2020-03-12T06:28:07+00:00 CRITICAL Uncaught Error: Using $this when not in object context in /home/ubuntu/www/slow/wp-content/themes/estore/inc/functions.php:165
Stack trace:
#0 /home/ubuntu/www/slow/wp-content/themes/estore/functions.php(213): require()
#1 /home/ubuntu/www/slow/wp-settings.php(497): include('/home/ubuntu/ww...')
#2 /home/ubuntu/www/slow/wp-config.php(93): require_once('/home/ubuntu/ww...')
#3 /home/ubuntu/www/slow/wp-load.php(37): require_once('/home/ubuntu/ww...')
#4 /home/ubuntu/www/slow/wp-blog-header.php(13): require_once('/home/ubuntu/ww...')
#5 /home/ubuntu/www/slow/index.php(17): require('/home/ubuntu/ww...')
#6 {main}
  thrown

2020-03-12T06:28:12+00:00 CRITICAL Uncaught Error: Call to undefined function estore_header_search_box() in /home/ubuntu/www/slow/wp-content/themes/estore/header.php:219
Stack trace:
#0 /home/ubuntu/www/slow/wp-includes/template.php(722): require_once()
#1 /home/ubuntu/www/slow/wp-includes/template.php(671): load_template('/home/ubuntu/ww...', true)
#2 /home/ubuntu/www/slow/wp-includes/general-template.php(41): locate_template(Array, true)
#3 /home/ubuntu/www/slow/wp-content/themes/estore/woocommerce/single-product.php(23): get_header('shop')
#4 /home/ubuntu/www/slow/wp-includes/template-loader.php(98): include('/home/ubuntu/ww...')
#5 /home/ubuntu/www/slow/wp-blog-header.php(19): require_once('/home/ubuntu/ww...')
#6 /home/ubuntu/www/slow/index.php(17): require('/home/ubuntu/ww...')
#7 {main}
  thrown

2020-03-12T06:28:29+00:00 CRITICAL Uncaught Error: Using $this when not in object context in /home/ubuntu/www/slow/wp-content/themes/estore/inc/functions.php:165
Stack trace:
#0 /home/ubuntu/www/slow/wp-content/themes/estore/functions.php(213): require()
#1 /home/ubuntu/www/slow/wp-settings.php(497): include('/home/ubuntu/ww...')
#2 /home/ubuntu/www/slow/wp-config.php(93): require_once('/home/ubuntu/ww...')
#3 /home/ubuntu/www/slow/wp-load.php(37): require_once('/home/ubuntu/ww...')
#4 /home/ubuntu/www/slow/wp-admin/admin-ajax.php(22): require_once('/home/ubuntu/ww...')
#5 {main}
  thrown

2020-03-12T06:28:42+00:00 CRITICAL Uncaught Error: Using $this when not in object context in /home/ubuntu/www/slow/wp-content/themes/estore/inc/functions.php:165
Stack trace:
#0 /home/ubuntu/www/slow/wp-content/themes/estore/functions.php(213): require()
#1 /home/ubuntu/www/slow/wp-settings.php(497): include('/home/ubuntu/ww...')
#2 /home/ubuntu/www/slow/wp-config.php(93): require_once('/home/ubuntu/ww...')
#3 /home/ubuntu/www/slow/wp-load.php(37): require_once('/home/ubuntu/ww...')
#4 /home/ubuntu/www/slow/wp-admin/admin-ajax.php(22): require_once('/home/ubuntu/ww...')
#5 {main}
  thrown

2020-03-12T06:29:26+00:00 CRITICAL Uncaught Error: Using $this when not in object context in /home/ubuntu/www/slow/wp-content/themes/estore/inc/functions.php:165
Stack trace:
#0 /home/ubuntu/www/slow/wp-content/themes/estore/functions.php(213): require()
#1 /home/ubuntu/www/slow/wp-settings.php(497): include('/home/ubuntu/ww...')
#2 /home/ubuntu/www/slow/wp-config.php(93): require_once('/home/ubuntu/ww...')
#3 /home/ubuntu/www/slow/wp-load.php(37): require_once('/home/ubuntu/ww...')
#4 /home/ubuntu/www/slow/wp-admin/admin.php(34): require_once('/home/ubuntu/ww...')
#5 /home/ubuntu/www/slow/wp-admin/edit.php(10): require_once('/home/ubuntu/ww...')
#6 {main}
  thrown

2020-03-12T06:29:56+00:00 CRITICAL Uncaught Error: Using $this when not in object context in /home/ubuntu/www/slow/wp-content/themes/estore/inc/functions.php:165
Stack trace:
#0 /home/ubuntu/www/slow/wp-content/themes/estore/functions.php(213): require()
#1 /home/ubuntu/www/slow/wp-settings.php(497): include('/home/ubuntu/ww...')
#2 /home/ubuntu/www/slow/wp-config.php(93): require_once('/home/ubuntu/ww...')
#3 /home/ubuntu/www/slow/wp-load.php(37): require_once('/home/ubuntu/ww...')
#4 /home/ubuntu/www/slow/wp-admin/admin.php(34): require_once('/home/ubuntu/ww...')
#5 /home/ubuntu/www/slow/wp-admin/edit.php(10): require_once('/home/ubuntu/ww...')
#6 {main}
  thrown

